<?xml version="1.0" encoding="UTF-8"?>
<!-- Generated by org.testng.reporters.JUnitReportReporter -->
<testsuite hostname="DESKTOP-V4DCD5O" failures="0" tests="1" name="org.example.runners.runner" time="11.039" errors="0" timestamp="2022-11-30T02:25:37 EET" skipped="0">
  <testcase classname="org.example.runners.runner" name="runScenario" time="11.039"/>
  <system-out/>
</testsuite> <!-- org.example.runners.runner -->
